[2026-03-28 17:07:33] [INFO   ]  Custom Logger Initialized 
[2026-03-28 17:07:33] [INFO   ] [NOTICE] TerraformGenerator will suppress the server's watchdog while generating chunks to prevent unnecessary stacktrace warnings. Unless you specifically need thewatchdog now (to take aikar timings or debug lag), you don't need to take any action. 
[2026-03-28 17:07:33] [INFO   ] It is recommended to pregenerate to reduce lag problems. 
[2026-03-28 17:07:33] [INFO   ] Watchdog Thread hooked. 
[2026-03-28 17:07:33] [INFO   ]  bStats Metrics enabled. 
[2026-03-28 17:07:34] [INFO   ]  Detected version: v1_16_R3, number: 16.3 
[2026-03-28 17:07:34] [INFO   ] [Structure Registry] Registered Large Structure: VillageHousePopulator 
[2026-03-28 17:07:34] [INFO   ] [Structure Registry] Registered Large Structure: VillagePopulator 
[2026-03-28 17:07:34] [INFO   ] [Structure Registry] Registered Large Structure: OutpostPopulator 
[2026-03-28 17:07:34] [INFO   ] [Structure Registry] Registered Large Structure: PyramidPopulator 
[2026-03-28 17:07:35] [INFO   ] [Structure Registry] Registered Large Structure: MonumentPopulator 
[2026-03-28 17:07:35] [INFO   ] [Structure Registry] Registered Large Structure: StrongholdPopulator 
[2026-03-28 17:07:35] [INFO   ] [Structure Registry] Registered Large Structure: MansionPopulator 
[2026-03-28 17:07:35] [INFO   ] [Structure Registry] Registered Large Structure: AncientCityPopulator 
[2026-03-28 17:07:35] [INFO   ] [Structure Registry] Registered Large Structure: LargeCavePopulator 
[2026-03-28 17:07:35] [INFO   ] [Structure Registry] Registered Large Structure: MineshaftPopulator 
[2026-03-28 17:07:35] [INFO   ] [Structure Registry] Registered Large Structure: CatacombsPopulator 
[2026-03-28 17:07:35] [INFO   ] [Structure Registry] Registered Large Structure: BadlandsMinePopulator 
[2026-03-28 17:07:35] [INFO   ] [Structure Registry] Registered Large Structure: WarmOceanRuinsPopulator 
[2026-03-28 17:07:35] [INFO   ] [Structure Registry] Registered Large Structure: TrailRuinsPopulator 
[2026-03-28 17:07:35] [INFO   ] [Structure Registry] Registered Small Structure: SmallDungeonPopulator 
[2026-03-28 17:07:35] [INFO   ] [Structure Registry] Registered Small Structure: ShipwreckPopulator 
[2026-03-28 17:07:35] [INFO   ] [Structure Registry] Registered Small Structure: BuriedTreasurePopulator 
[2026-03-28 17:07:35] [INFO   ] [Structure Registry] Registered Small Structure: RuinedPortalPopulator 
[2026-03-28 17:07:35] [INFO   ] [Structure Registry] Registered Small Structure: IglooPopulator 
[2026-03-28 17:07:35] [INFO   ] [Structure Registry] Registered Small Structure: DesertWellPopulator 
[2026-03-28 17:07:35] [INFO   ] [Structure Registry] Registered Small Structure: WitchHutPopulator 
[2026-03-28 17:08:05] [INFO   ]  world loaded. 
[2026-03-28 17:12:11] [INFO   ]  Custom Logger Initialized 
[2026-03-28 17:12:11] [INFO   ] [NOTICE] TerraformGenerator will suppress the server's watchdog while generating chunks to prevent unnecessary stacktrace warnings. Unless you specifically need thewatchdog now (to take aikar timings or debug lag), you don't need to take any action. 
[2026-03-28 17:12:11] [INFO   ] It is recommended to pregenerate to reduce lag problems. 
[2026-03-28 17:12:11] [INFO   ] Watchdog Thread hooked. 
[2026-03-28 17:12:11] [INFO   ]  bStats Metrics enabled. 
[2026-03-28 17:12:11] [INFO   ]  Detected version: v1_16_R3, number: 16.3 
[2026-03-28 17:12:12] [INFO   ] [Structure Registry] Registered Large Structure: VillageHousePopulator 
[2026-03-28 17:12:12] [INFO   ] [Structure Registry] Registered Large Structure: VillagePopulator 
[2026-03-28 17:12:12] [INFO   ] [Structure Registry] Registered Large Structure: OutpostPopulator 
[2026-03-28 17:12:12] [INFO   ] [Structure Registry] Registered Large Structure: PyramidPopulator 
[2026-03-28 17:12:12] [INFO   ] [Structure Registry] Registered Large Structure: MonumentPopulator 
[2026-03-28 17:12:12] [INFO   ] [Structure Registry] Registered Large Structure: StrongholdPopulator 
[2026-03-28 17:12:12] [INFO   ] [Structure Registry] Registered Large Structure: MansionPopulator 
[2026-03-28 17:12:12] [INFO   ] [Structure Registry] Registered Large Structure: AncientCityPopulator 
[2026-03-28 17:12:12] [INFO   ] [Structure Registry] Registered Large Structure: LargeCavePopulator 
[2026-03-28 17:12:12] [INFO   ] [Structure Registry] Registered Large Structure: MineshaftPopulator 
[2026-03-28 17:12:12] [INFO   ] [Structure Registry] Registered Large Structure: CatacombsPopulator 
[2026-03-28 17:12:12] [INFO   ] [Structure Registry] Registered Large Structure: BadlandsMinePopulator 
[2026-03-28 17:12:13] [INFO   ] [Structure Registry] Registered Large Structure: WarmOceanRuinsPopulator 
[2026-03-28 17:12:13] [INFO   ] [Structure Registry] Registered Large Structure: TrailRuinsPopulator 
[2026-03-28 17:12:13] [INFO   ] [Structure Registry] Registered Small Structure: SmallDungeonPopulator 
[2026-03-28 17:12:13] [INFO   ] [Structure Registry] Registered Small Structure: ShipwreckPopulator 
[2026-03-28 17:12:13] [INFO   ] [Structure Registry] Registered Small Structure: BuriedTreasurePopulator 
[2026-03-28 17:12:13] [INFO   ] [Structure Registry] Registered Small Structure: RuinedPortalPopulator 
[2026-03-28 17:12:13] [INFO   ] [Structure Registry] Registered Small Structure: IglooPopulator 
[2026-03-28 17:12:13] [INFO   ] [Structure Registry] Registered Small Structure: DesertWellPopulator 
[2026-03-28 17:12:13] [INFO   ] [Structure Registry] Registered Small Structure: WitchHutPopulator 
[2026-03-28 17:12:45] [INFO   ]  world loaded. 
[2026-03-28 17:37:54] [INFO   ]  Custom Logger Initialized 
[2026-03-28 17:37:54] [INFO   ] [NOTICE] TerraformGenerator will suppress the server's watchdog while generating chunks to prevent unnecessary stacktrace warnings. Unless you specifically need thewatchdog now (to take aikar timings or debug lag), you don't need to take any action. 
[2026-03-28 17:37:54] [INFO   ] It is recommended to pregenerate to reduce lag problems. 
[2026-03-28 17:37:54] [INFO   ] Watchdog Thread hooked. 
[2026-03-28 17:37:54] [INFO   ]  bStats Metrics enabled. 
[2026-03-28 17:37:55] [INFO   ]  Detected version: v1_16_R3, number: 16.3 
[2026-03-28 17:37:55] [INFO   ] [Structure Registry] Registered Large Structure: VillageHousePopulator 
[2026-03-28 17:37:55] [INFO   ] [Structure Registry] Registered Large Structure: VillagePopulator 
[2026-03-28 17:37:55] [INFO   ] [Structure Registry] Registered Large Structure: OutpostPopulator 
[2026-03-28 17:37:55] [INFO   ] [Structure Registry] Registered Large Structure: PyramidPopulator 
[2026-03-28 17:37:55] [INFO   ] [Structure Registry] Registered Large Structure: MonumentPopulator 
[2026-03-28 17:37:55] [INFO   ] [Structure Registry] Registered Large Structure: StrongholdPopulator 
[2026-03-28 17:37:55] [INFO   ] [Structure Registry] Registered Large Structure: MansionPopulator 
[2026-03-28 17:37:55] [INFO   ] [Structure Registry] Registered Large Structure: AncientCityPopulator 
[2026-03-28 17:37:55] [INFO   ] [Structure Registry] Registered Large Structure: LargeCavePopulator 
[2026-03-28 17:37:55] [INFO   ] [Structure Registry] Registered Large Structure: MineshaftPopulator 
[2026-03-28 17:37:56] [INFO   ] [Structure Registry] Registered Large Structure: CatacombsPopulator 
[2026-03-28 17:37:56] [INFO   ] [Structure Registry] Registered Large Structure: BadlandsMinePopulator 
[2026-03-28 17:37:56] [INFO   ] [Structure Registry] Registered Large Structure: WarmOceanRuinsPopulator 
[2026-03-28 17:37:56] [INFO   ] [Structure Registry] Registered Large Structure: TrailRuinsPopulator 
[2026-03-28 17:37:56] [INFO   ] [Structure Registry] Registered Small Structure: SmallDungeonPopulator 
[2026-03-28 17:37:56] [INFO   ] [Structure Registry] Registered Small Structure: ShipwreckPopulator 
[2026-03-28 17:37:56] [INFO   ] [Structure Registry] Registered Small Structure: BuriedTreasurePopulator 
[2026-03-28 17:37:56] [INFO   ] [Structure Registry] Registered Small Structure: RuinedPortalPopulator 
[2026-03-28 17:37:56] [INFO   ] [Structure Registry] Registered Small Structure: IglooPopulator 
[2026-03-28 17:37:56] [INFO   ] [Structure Registry] Registered Small Structure: DesertWellPopulator 
[2026-03-28 17:37:56] [INFO   ] [Structure Registry] Registered Small Structure: WitchHutPopulator 
[2026-03-28 17:38:16] [INFO   ]  world loaded. 
[2026-03-28 17:48:15] [INFO   ]  Custom Logger Initialized 
[2026-03-28 17:48:15] [INFO   ] [NOTICE] TerraformGenerator will suppress the server's watchdog while generating chunks to prevent unnecessary stacktrace warnings. Unless you specifically need thewatchdog now (to take aikar timings or debug lag), you don't need to take any action. 
[2026-03-28 17:48:15] [INFO   ] It is recommended to pregenerate to reduce lag problems. 
[2026-03-28 17:48:15] [INFO   ] Watchdog Thread hooked. 
[2026-03-28 17:48:16] [INFO   ]  bStats Metrics enabled. 
[2026-03-28 17:48:16] [INFO   ]  Detected version: v1_16_R3, number: 16.3 
[2026-03-28 17:48:16] [INFO   ] [Structure Registry] Registered Large Structure: VillageHousePopulator 
[2026-03-28 17:48:16] [INFO   ] [Structure Registry] Registered Large Structure: VillagePopulator 
[2026-03-28 17:48:16] [INFO   ] [Structure Registry] Registered Large Structure: OutpostPopulator 
[2026-03-28 17:48:16] [INFO   ] [Structure Registry] Registered Large Structure: PyramidPopulator 
[2026-03-28 17:48:16] [INFO   ] [Structure Registry] Registered Large Structure: MonumentPopulator 
[2026-03-28 17:48:17] [INFO   ] [Structure Registry] Registered Large Structure: StrongholdPopulator 
[2026-03-28 17:48:17] [INFO   ] [Structure Registry] Registered Large Structure: MansionPopulator 
[2026-03-28 17:48:17] [INFO   ] [Structure Registry] Registered Large Structure: AncientCityPopulator 
[2026-03-28 17:48:17] [INFO   ] [Structure Registry] Registered Large Structure: LargeCavePopulator 
[2026-03-28 17:48:17] [INFO   ] [Structure Registry] Registered Large Structure: MineshaftPopulator 
[2026-03-28 17:48:17] [INFO   ] [Structure Registry] Registered Large Structure: CatacombsPopulator 
[2026-03-28 17:48:17] [INFO   ] [Structure Registry] Registered Large Structure: BadlandsMinePopulator 
[2026-03-28 17:48:17] [INFO   ] [Structure Registry] Registered Large Structure: WarmOceanRuinsPopulator 
[2026-03-28 17:48:17] [INFO   ] [Structure Registry] Registered Large Structure: TrailRuinsPopulator 
[2026-03-28 17:48:17] [INFO   ] [Structure Registry] Registered Small Structure: SmallDungeonPopulator 
[2026-03-28 17:48:17] [INFO   ] [Structure Registry] Registered Small Structure: ShipwreckPopulator 
[2026-03-28 17:48:17] [INFO   ] [Structure Registry] Registered Small Structure: BuriedTreasurePopulator 
[2026-03-28 17:48:17] [INFO   ] [Structure Registry] Registered Small Structure: RuinedPortalPopulator 
[2026-03-28 17:48:17] [INFO   ] [Structure Registry] Registered Small Structure: IglooPopulator 
[2026-03-28 17:48:17] [INFO   ] [Structure Registry] Registered Small Structure: DesertWellPopulator 
[2026-03-28 17:48:17] [INFO   ] [Structure Registry] Registered Small Structure: WitchHutPopulator 
[2026-03-28 17:48:36] [INFO   ]  world loaded. 
[2026-03-28 22:06:42] [INFO   ]  Custom Logger Initialized 
[2026-03-28 22:06:42] [INFO   ] [NOTICE] TerraformGenerator will suppress the server's watchdog while generating chunks to prevent unnecessary stacktrace warnings. Unless you specifically need thewatchdog now (to take aikar timings or debug lag), you don't need to take any action. 
[2026-03-28 22:06:42] [INFO   ] It is recommended to pregenerate to reduce lag problems. 
[2026-03-28 22:06:42] [INFO   ] Watchdog Thread hooked. 
[2026-03-28 22:06:42] [INFO   ]  bStats Metrics enabled. 
[2026-03-28 22:06:42] [INFO   ]  Detected version: v1_16_R3, number: 16.3 
[2026-03-28 22:06:43] [INFO   ] [Structure Registry] Registered Large Structure: VillageHousePopulator 
[2026-03-28 22:06:43] [INFO   ] [Structure Registry] Registered Large Structure: VillagePopulator 
[2026-03-28 22:06:43] [INFO   ] [Structure Registry] Registered Large Structure: OutpostPopulator 
[2026-03-28 22:06:43] [INFO   ] [Structure Registry] Registered Large Structure: PyramidPopulator 
[2026-03-28 22:06:43] [INFO   ] [Structure Registry] Registered Large Structure: MonumentPopulator 
[2026-03-28 22:06:43] [INFO   ] [Structure Registry] Registered Large Structure: StrongholdPopulator 
[2026-03-28 22:06:43] [INFO   ] [Structure Registry] Registered Large Structure: MansionPopulator 
[2026-03-28 22:06:43] [INFO   ] [Structure Registry] Registered Large Structure: AncientCityPopulator 
[2026-03-28 22:06:43] [INFO   ] [Structure Registry] Registered Large Structure: LargeCavePopulator 
[2026-03-28 22:06:43] [INFO   ] [Structure Registry] Registered Large Structure: MineshaftPopulator 
[2026-03-28 22:06:43] [INFO   ] [Structure Registry] Registered Large Structure: CatacombsPopulator 
[2026-03-28 22:06:43] [INFO   ] [Structure Registry] Registered Large Structure: BadlandsMinePopulator 
[2026-03-28 22:06:43] [INFO   ] [Structure Registry] Registered Large Structure: WarmOceanRuinsPopulator 
[2026-03-28 22:06:43] [INFO   ] [Structure Registry] Registered Large Structure: TrailRuinsPopulator 
[2026-03-28 22:06:43] [INFO   ] [Structure Registry] Registered Small Structure: SmallDungeonPopulator 
[2026-03-28 22:06:43] [INFO   ] [Structure Registry] Registered Small Structure: ShipwreckPopulator 
[2026-03-28 22:06:43] [INFO   ] [Structure Registry] Registered Small Structure: BuriedTreasurePopulator 
[2026-03-28 22:06:43] [INFO   ] [Structure Registry] Registered Small Structure: RuinedPortalPopulator 
[2026-03-28 22:06:43] [INFO   ] [Structure Registry] Registered Small Structure: IglooPopulator 
[2026-03-28 22:06:43] [INFO   ] [Structure Registry] Registered Small Structure: DesertWellPopulator 
[2026-03-28 22:06:43] [INFO   ] [Structure Registry] Registered Small Structure: WitchHutPopulator 
[2026-03-28 22:07:09] [INFO   ]  world loaded. 
[2026-03-28 22:10:08] [INFO   ]  Custom Logger Initialized 
[2026-03-28 22:10:08] [INFO   ] [NOTICE] TerraformGenerator will suppress the server's watchdog while generating chunks to prevent unnecessary stacktrace warnings. Unless you specifically need thewatchdog now (to take aikar timings or debug lag), you don't need to take any action. 
[2026-03-28 22:10:08] [INFO   ] It is recommended to pregenerate to reduce lag problems. 
[2026-03-28 22:10:08] [INFO   ] Watchdog Thread hooked. 
[2026-03-28 22:10:08] [INFO   ]  bStats Metrics enabled. 
[2026-03-28 22:10:09] [INFO   ]  Detected version: v1_16_R3, number: 16.3 
[2026-03-28 22:10:09] [INFO   ] [Structure Registry] Registered Large Structure: VillageHousePopulator 
[2026-03-28 22:10:09] [INFO   ] [Structure Registry] Registered Large Structure: VillagePopulator 
[2026-03-28 22:10:09] [INFO   ] [Structure Registry] Registered Large Structure: OutpostPopulator 
[2026-03-28 22:10:09] [INFO   ] [Structure Registry] Registered Large Structure: PyramidPopulator 
[2026-03-28 22:10:09] [INFO   ] [Structure Registry] Registered Large Structure: MonumentPopulator 
[2026-03-28 22:10:09] [INFO   ] [Structure Registry] Registered Large Structure: StrongholdPopulator 
[2026-03-28 22:10:09] [INFO   ] [Structure Registry] Registered Large Structure: MansionPopulator 
[2026-03-28 22:10:09] [INFO   ] [Structure Registry] Registered Large Structure: AncientCityPopulator 
[2026-03-28 22:10:09] [INFO   ] [Structure Registry] Registered Large Structure: LargeCavePopulator 
[2026-03-28 22:10:10] [INFO   ] [Structure Registry] Registered Large Structure: MineshaftPopulator 
[2026-03-28 22:10:10] [INFO   ] [Structure Registry] Registered Large Structure: CatacombsPopulator 
[2026-03-28 22:10:10] [INFO   ] [Structure Registry] Registered Large Structure: BadlandsMinePopulator 
[2026-03-28 22:10:10] [INFO   ] [Structure Registry] Registered Large Structure: WarmOceanRuinsPopulator 
[2026-03-28 22:10:10] [INFO   ] [Structure Registry] Registered Large Structure: TrailRuinsPopulator 
[2026-03-28 22:10:10] [INFO   ] [Structure Registry] Registered Small Structure: SmallDungeonPopulator 
[2026-03-28 22:10:10] [INFO   ] [Structure Registry] Registered Small Structure: ShipwreckPopulator 
[2026-03-28 22:10:10] [INFO   ] [Structure Registry] Registered Small Structure: BuriedTreasurePopulator 
[2026-03-28 22:10:10] [INFO   ] [Structure Registry] Registered Small Structure: RuinedPortalPopulator 
[2026-03-28 22:10:10] [INFO   ] [Structure Registry] Registered Small Structure: IglooPopulator 
[2026-03-28 22:10:10] [INFO   ] [Structure Registry] Registered Small Structure: DesertWellPopulator 
[2026-03-28 22:10:10] [INFO   ] [Structure Registry] Registered Small Structure: WitchHutPopulator 
[2026-03-28 22:10:34] [INFO   ]  world loaded. 
[2026-03-28 22:14:35] [INFO   ]  Custom Logger Initialized 
[2026-03-28 22:14:35] [INFO   ] [NOTICE] TerraformGenerator will suppress the server's watchdog while generating chunks to prevent unnecessary stacktrace warnings. Unless you specifically need thewatchdog now (to take aikar timings or debug lag), you don't need to take any action. 
[2026-03-28 22:14:35] [INFO   ] It is recommended to pregenerate to reduce lag problems. 
[2026-03-28 22:14:35] [INFO   ] Watchdog Thread hooked. 
[2026-03-28 22:14:35] [INFO   ]  bStats Metrics enabled. 
[2026-03-28 22:14:35] [INFO   ]  Detected version: v1_16_R3, number: 16.3 
[2026-03-28 22:14:35] [INFO   ] [Structure Registry] Registered Large Structure: VillageHousePopulator 
[2026-03-28 22:14:35] [INFO   ] [Structure Registry] Registered Large Structure: VillagePopulator 
[2026-03-28 22:14:35] [INFO   ] [Structure Registry] Registered Large Structure: OutpostPopulator 
[2026-03-28 22:14:35] [INFO   ] [Structure Registry] Registered Large Structure: PyramidPopulator 
[2026-03-28 22:14:35] [INFO   ] [Structure Registry] Registered Large Structure: MonumentPopulator 
[2026-03-28 22:14:35] [INFO   ] [Structure Registry] Registered Large Structure: StrongholdPopulator 
[2026-03-28 22:14:35] [INFO   ] [Structure Registry] Registered Large Structure: MansionPopulator 
[2026-03-28 22:14:35] [INFO   ] [Structure Registry] Registered Large Structure: AncientCityPopulator 
[2026-03-28 22:14:35] [INFO   ] [Structure Registry] Registered Large Structure: LargeCavePopulator 
[2026-03-28 22:14:36] [INFO   ] [Structure Registry] Registered Large Structure: MineshaftPopulator 
[2026-03-28 22:14:36] [INFO   ] [Structure Registry] Registered Large Structure: CatacombsPopulator 
[2026-03-28 22:14:36] [INFO   ] [Structure Registry] Registered Large Structure: BadlandsMinePopulator 
[2026-03-28 22:14:36] [INFO   ] [Structure Registry] Registered Large Structure: WarmOceanRuinsPopulator 
[2026-03-28 22:14:36] [INFO   ] [Structure Registry] Registered Large Structure: TrailRuinsPopulator 
[2026-03-28 22:14:36] [INFO   ] [Structure Registry] Registered Small Structure: SmallDungeonPopulator 
[2026-03-28 22:14:36] [INFO   ] [Structure Registry] Registered Small Structure: ShipwreckPopulator 
[2026-03-28 22:14:36] [INFO   ] [Structure Registry] Registered Small Structure: BuriedTreasurePopulator 
[2026-03-28 22:14:36] [INFO   ] [Structure Registry] Registered Small Structure: RuinedPortalPopulator 
[2026-03-28 22:14:36] [INFO   ] [Structure Registry] Registered Small Structure: IglooPopulator 
[2026-03-28 22:14:36] [INFO   ] [Structure Registry] Registered Small Structure: DesertWellPopulator 
[2026-03-28 22:14:36] [INFO   ] [Structure Registry] Registered Small Structure: WitchHutPopulator 
[2026-03-28 22:15:00] [INFO   ]  world loaded. 
[2026-03-28 22:17:52] [INFO   ]  Custom Logger Initialized 
[2026-03-28 22:17:52] [INFO   ] [NOTICE] TerraformGenerator will suppress the server's watchdog while generating chunks to prevent unnecessary stacktrace warnings. Unless you specifically need thewatchdog now (to take aikar timings or debug lag), you don't need to take any action. 
[2026-03-28 22:17:52] [INFO   ] It is recommended to pregenerate to reduce lag problems. 
[2026-03-28 22:17:52] [INFO   ] Watchdog Thread hooked. 
[2026-03-28 22:17:52] [INFO   ]  bStats Metrics enabled. 
[2026-03-28 22:17:52] [INFO   ]  Detected version: v1_16_R3, number: 16.3 
[2026-03-28 22:17:52] [INFO   ] [Structure Registry] Registered Large Structure: VillageHousePopulator 
[2026-03-28 22:17:52] [INFO   ] [Structure Registry] Registered Large Structure: VillagePopulator 
[2026-03-28 22:17:52] [INFO   ] [Structure Registry] Registered Large Structure: OutpostPopulator 
[2026-03-28 22:17:52] [INFO   ] [Structure Registry] Registered Large Structure: PyramidPopulator 
[2026-03-28 22:17:53] [INFO   ] [Structure Registry] Registered Large Structure: MonumentPopulator 
[2026-03-28 22:17:53] [INFO   ] [Structure Registry] Registered Large Structure: StrongholdPopulator 
[2026-03-28 22:17:53] [INFO   ] [Structure Registry] Registered Large Structure: MansionPopulator 
[2026-03-28 22:17:53] [INFO   ] [Structure Registry] Registered Large Structure: AncientCityPopulator 
[2026-03-28 22:17:53] [INFO   ] [Structure Registry] Registered Large Structure: LargeCavePopulator 
[2026-03-28 22:17:53] [INFO   ] [Structure Registry] Registered Large Structure: MineshaftPopulator 
[2026-03-28 22:17:53] [INFO   ] [Structure Registry] Registered Large Structure: CatacombsPopulator 
[2026-03-28 22:17:53] [INFO   ] [Structure Registry] Registered Large Structure: BadlandsMinePopulator 
[2026-03-28 22:17:53] [INFO   ] [Structure Registry] Registered Large Structure: WarmOceanRuinsPopulator 
[2026-03-28 22:17:53] [INFO   ] [Structure Registry] Registered Large Structure: TrailRuinsPopulator 
[2026-03-28 22:17:53] [INFO   ] [Structure Registry] Registered Small Structure: SmallDungeonPopulator 
[2026-03-28 22:17:53] [INFO   ] [Structure Registry] Registered Small Structure: ShipwreckPopulator 
[2026-03-28 22:17:53] [INFO   ] [Structure Registry] Registered Small Structure: BuriedTreasurePopulator 
[2026-03-28 22:17:53] [INFO   ] [Structure Registry] Registered Small Structure: RuinedPortalPopulator 
[2026-03-28 22:17:53] [INFO   ] [Structure Registry] Registered Small Structure: IglooPopulator 
[2026-03-28 22:17:53] [INFO   ] [Structure Registry] Registered Small Structure: DesertWellPopulator 
[2026-03-28 22:17:53] [INFO   ] [Structure Registry] Registered Small Structure: WitchHutPopulator 
[2026-03-28 22:18:17] [INFO   ]  world loaded. 
[2026-03-28 22:21:43] [INFO   ]  Custom Logger Initialized 
[2026-03-28 22:21:43] [INFO   ] [NOTICE] TerraformGenerator will suppress the server's watchdog while generating chunks to prevent unnecessary stacktrace warnings. Unless you specifically need thewatchdog now (to take aikar timings or debug lag), you don't need to take any action. 
[2026-03-28 22:21:43] [INFO   ] It is recommended to pregenerate to reduce lag problems. 
[2026-03-28 22:21:43] [INFO   ] Watchdog Thread hooked. 
[2026-03-28 22:21:43] [INFO   ]  bStats Metrics enabled. 
[2026-03-28 22:21:43] [INFO   ]  Detected version: v1_16_R3, number: 16.3 
[2026-03-28 22:21:44] [INFO   ] [Structure Registry] Registered Large Structure: VillageHousePopulator 
[2026-03-28 22:21:44] [INFO   ] [Structure Registry] Registered Large Structure: VillagePopulator 
[2026-03-28 22:21:44] [INFO   ] [Structure Registry] Registered Large Structure: OutpostPopulator 
[2026-03-28 22:21:44] [INFO   ] [Structure Registry] Registered Large Structure: PyramidPopulator 
[2026-03-28 22:21:44] [INFO   ] [Structure Registry] Registered Large Structure: MonumentPopulator 
[2026-03-28 22:21:44] [INFO   ] [Structure Registry] Registered Large Structure: StrongholdPopulator 
[2026-03-28 22:21:44] [INFO   ] [Structure Registry] Registered Large Structure: MansionPopulator 
[2026-03-28 22:21:44] [INFO   ] [Structure Registry] Registered Large Structure: AncientCityPopulator 
[2026-03-28 22:21:44] [INFO   ] [Structure Registry] Registered Large Structure: LargeCavePopulator 
[2026-03-28 22:21:45] [INFO   ] [Structure Registry] Registered Large Structure: MineshaftPopulator 
[2026-03-28 22:21:45] [INFO   ] [Structure Registry] Registered Large Structure: CatacombsPopulator 
[2026-03-28 22:21:45] [INFO   ] [Structure Registry] Registered Large Structure: BadlandsMinePopulator 
[2026-03-28 22:21:45] [INFO   ] [Structure Registry] Registered Large Structure: WarmOceanRuinsPopulator 
[2026-03-28 22:21:45] [INFO   ] [Structure Registry] Registered Large Structure: TrailRuinsPopulator 
[2026-03-28 22:21:45] [INFO   ] [Structure Registry] Registered Small Structure: SmallDungeonPopulator 
[2026-03-28 22:21:45] [INFO   ] [Structure Registry] Registered Small Structure: ShipwreckPopulator 
[2026-03-28 22:21:45] [INFO   ] [Structure Registry] Registered Small Structure: BuriedTreasurePopulator 
[2026-03-28 22:21:45] [INFO   ] [Structure Registry] Registered Small Structure: RuinedPortalPopulator 
[2026-03-28 22:21:45] [INFO   ] [Structure Registry] Registered Small Structure: IglooPopulator 
[2026-03-28 22:21:45] [INFO   ] [Structure Registry] Registered Small Structure: DesertWellPopulator 
[2026-03-28 22:21:45] [INFO   ] [Structure Registry] Registered Small Structure: WitchHutPopulator 
[2026-03-28 22:22:07] [INFO   ]  world loaded. 
[2026-03-28 22:23:44] [INFO   ]  Custom Logger Initialized 
[2026-03-28 22:23:44] [INFO   ] [NOTICE] TerraformGenerator will suppress the server's watchdog while generating chunks to prevent unnecessary stacktrace warnings. Unless you specifically need thewatchdog now (to take aikar timings or debug lag), you don't need to take any action. 
[2026-03-28 22:23:44] [INFO   ] It is recommended to pregenerate to reduce lag problems. 
[2026-03-28 22:23:44] [INFO   ] Watchdog Thread hooked. 
[2026-03-28 22:23:44] [INFO   ]  bStats Metrics enabled. 
[2026-03-28 22:23:44] [INFO   ]  Detected version: v1_16_R3, number: 16.3 
[2026-03-28 22:23:45] [INFO   ] [Structure Registry] Registered Large Structure: VillageHousePopulator 
[2026-03-28 22:23:45] [INFO   ] [Structure Registry] Registered Large Structure: VillagePopulator 
[2026-03-28 22:23:45] [INFO   ] [Structure Registry] Registered Large Structure: OutpostPopulator 
[2026-03-28 22:23:45] [INFO   ] [Structure Registry] Registered Large Structure: PyramidPopulator 
[2026-03-28 22:23:45] [INFO   ] [Structure Registry] Registered Large Structure: MonumentPopulator 
[2026-03-28 22:23:45] [INFO   ] [Structure Registry] Registered Large Structure: StrongholdPopulator 
[2026-03-28 22:23:45] [INFO   ] [Structure Registry] Registered Large Structure: MansionPopulator 
[2026-03-28 22:23:45] [INFO   ] [Structure Registry] Registered Large Structure: AncientCityPopulator 
[2026-03-28 22:23:45] [INFO   ] [Structure Registry] Registered Large Structure: LargeCavePopulator 
[2026-03-28 22:23:45] [INFO   ] [Structure Registry] Registered Large Structure: MineshaftPopulator 
[2026-03-28 22:23:45] [INFO   ] [Structure Registry] Registered Large Structure: CatacombsPopulator 
[2026-03-28 22:23:45] [INFO   ] [Structure Registry] Registered Large Structure: BadlandsMinePopulator 
[2026-03-28 22:23:46] [INFO   ] [Structure Registry] Registered Large Structure: WarmOceanRuinsPopulator 
[2026-03-28 22:23:46] [INFO   ] [Structure Registry] Registered Large Structure: TrailRuinsPopulator 
[2026-03-28 22:23:46] [INFO   ] [Structure Registry] Registered Small Structure: SmallDungeonPopulator 
[2026-03-28 22:23:46] [INFO   ] [Structure Registry] Registered Small Structure: ShipwreckPopulator 
[2026-03-28 22:23:46] [INFO   ] [Structure Registry] Registered Small Structure: BuriedTreasurePopulator 
[2026-03-28 22:23:46] [INFO   ] [Structure Registry] Registered Small Structure: RuinedPortalPopulator 
[2026-03-28 22:23:46] [INFO   ] [Structure Registry] Registered Small Structure: IglooPopulator 
[2026-03-28 22:23:46] [INFO   ] [Structure Registry] Registered Small Structure: DesertWellPopulator 
[2026-03-28 22:23:46] [INFO   ] [Structure Registry] Registered Small Structure: WitchHutPopulator 
[2026-03-28 22:24:08] [INFO   ]  world loaded. 
[2026-03-28 22:29:03] [INFO   ]  Custom Logger Initialized 
[2026-03-28 22:29:03] [INFO   ] [NOTICE] TerraformGenerator will suppress the server's watchdog while generating chunks to prevent unnecessary stacktrace warnings. Unless you specifically need thewatchdog now (to take aikar timings or debug lag), you don't need to take any action. 
[2026-03-28 22:29:03] [INFO   ] It is recommended to pregenerate to reduce lag problems. 
[2026-03-28 22:29:03] [INFO   ] Watchdog Thread hooked. 
[2026-03-28 22:29:03] [INFO   ]  bStats Metrics enabled. 
[2026-03-28 22:29:03] [INFO   ]  Detected version: v1_16_R3, number: 16.3 
[2026-03-28 22:29:03] [INFO   ] [Structure Registry] Registered Large Structure: VillageHousePopulator 
[2026-03-28 22:29:03] [INFO   ] [Structure Registry] Registered Large Structure: VillagePopulator 
[2026-03-28 22:29:03] [INFO   ] [Structure Registry] Registered Large Structure: OutpostPopulator 
[2026-03-28 22:29:03] [INFO   ] [Structure Registry] Registered Large Structure: PyramidPopulator 
[2026-03-28 22:29:03] [INFO   ] [Structure Registry] Registered Large Structure: MonumentPopulator 
[2026-03-28 22:29:04] [INFO   ] [Structure Registry] Registered Large Structure: StrongholdPopulator 
[2026-03-28 22:29:04] [INFO   ] [Structure Registry] Registered Large Structure: MansionPopulator 
[2026-03-28 22:29:04] [INFO   ] [Structure Registry] Registered Large Structure: AncientCityPopulator 
[2026-03-28 22:29:04] [INFO   ] [Structure Registry] Registered Large Structure: LargeCavePopulator 
[2026-03-28 22:29:04] [INFO   ] [Structure Registry] Registered Large Structure: MineshaftPopulator 
[2026-03-28 22:29:04] [INFO   ] [Structure Registry] Registered Large Structure: CatacombsPopulator 
[2026-03-28 22:29:04] [INFO   ] [Structure Registry] Registered Large Structure: BadlandsMinePopulator 
[2026-03-28 22:29:04] [INFO   ] [Structure Registry] Registered Large Structure: WarmOceanRuinsPopulator 
[2026-03-28 22:29:04] [INFO   ] [Structure Registry] Registered Large Structure: TrailRuinsPopulator 
[2026-03-28 22:29:04] [INFO   ] [Structure Registry] Registered Small Structure: SmallDungeonPopulator 
[2026-03-28 22:29:04] [INFO   ] [Structure Registry] Registered Small Structure: ShipwreckPopulator 
[2026-03-28 22:29:04] [INFO   ] [Structure Registry] Registered Small Structure: BuriedTreasurePopulator 
[2026-03-28 22:29:04] [INFO   ] [Structure Registry] Registered Small Structure: RuinedPortalPopulator 
[2026-03-28 22:29:04] [INFO   ] [Structure Registry] Registered Small Structure: IglooPopulator 
[2026-03-28 22:29:04] [INFO   ] [Structure Registry] Registered Small Structure: DesertWellPopulator 
[2026-03-28 22:29:04] [INFO   ] [Structure Registry] Registered Small Structure: WitchHutPopulator 
[2026-03-28 22:29:26] [INFO   ]  world loaded. 
[2026-03-28 22:31:15] [INFO   ]  Custom Logger Initialized 
[2026-03-28 22:31:15] [INFO   ] [NOTICE] TerraformGenerator will suppress the server's watchdog while generating chunks to prevent unnecessary stacktrace warnings. Unless you specifically need thewatchdog now (to take aikar timings or debug lag), you don't need to take any action. 
[2026-03-28 22:31:15] [INFO   ] It is recommended to pregenerate to reduce lag problems. 
[2026-03-28 22:31:15] [INFO   ] Watchdog Thread hooked. 
[2026-03-28 22:31:15] [INFO   ]  bStats Metrics enabled. 
[2026-03-28 22:31:15] [INFO   ]  Detected version: v1_16_R3, number: 16.3 
[2026-03-28 22:31:16] [INFO   ] [Structure Registry] Registered Large Structure: VillageHousePopulator 
[2026-03-28 22:31:16] [INFO   ] [Structure Registry] Registered Large Structure: VillagePopulator 
[2026-03-28 22:31:16] [INFO   ] [Structure Registry] Registered Large Structure: OutpostPopulator 
[2026-03-28 22:31:16] [INFO   ] [Structure Registry] Registered Large Structure: PyramidPopulator 
[2026-03-28 22:31:16] [INFO   ] [Structure Registry] Registered Large Structure: MonumentPopulator 
[2026-03-28 22:31:16] [INFO   ] [Structure Registry] Registered Large Structure: StrongholdPopulator 
[2026-03-28 22:31:16] [INFO   ] [Structure Registry] Registered Large Structure: MansionPopulator 
[2026-03-28 22:31:16] [INFO   ] [Structure Registry] Registered Large Structure: AncientCityPopulator 
[2026-03-28 22:31:16] [INFO   ] [Structure Registry] Registered Large Structure: LargeCavePopulator 
[2026-03-28 22:31:16] [INFO   ] [Structure Registry] Registered Large Structure: MineshaftPopulator 
[2026-03-28 22:31:16] [INFO   ] [Structure Registry] Registered Large Structure: CatacombsPopulator 
[2026-03-28 22:31:16] [INFO   ] [Structure Registry] Registered Large Structure: BadlandsMinePopulator 
[2026-03-28 22:31:16] [INFO   ] [Structure Registry] Registered Large Structure: WarmOceanRuinsPopulator 
[2026-03-28 22:31:16] [INFO   ] [Structure Registry] Registered Large Structure: TrailRuinsPopulator 
[2026-03-28 22:31:16] [INFO   ] [Structure Registry] Registered Small Structure: SmallDungeonPopulator 
[2026-03-28 22:31:16] [INFO   ] [Structure Registry] Registered Small Structure: ShipwreckPopulator 
[2026-03-28 22:31:16] [INFO   ] [Structure Registry] Registered Small Structure: BuriedTreasurePopulator 
[2026-03-28 22:31:16] [INFO   ] [Structure Registry] Registered Small Structure: RuinedPortalPopulator 
[2026-03-28 22:31:16] [INFO   ] [Structure Registry] Registered Small Structure: IglooPopulator 
[2026-03-28 22:31:16] [INFO   ] [Structure Registry] Registered Small Structure: DesertWellPopulator 
[2026-03-28 22:31:16] [INFO   ] [Structure Registry] Registered Small Structure: WitchHutPopulator 
[2026-03-28 22:31:37] [INFO   ]  world loaded. 
[2026-03-28 22:37:25] [INFO   ]  Custom Logger Initialized 
[2026-03-28 22:37:25] [INFO   ] [NOTICE] TerraformGenerator will suppress the server's watchdog while generating chunks to prevent unnecessary stacktrace warnings. Unless you specifically need thewatchdog now (to take aikar timings or debug lag), you don't need to take any action. 
[2026-03-28 22:37:25] [INFO   ] It is recommended to pregenerate to reduce lag problems. 
[2026-03-28 22:37:25] [INFO   ] Watchdog Thread hooked. 
[2026-03-28 22:37:25] [INFO   ]  bStats Metrics enabled. 
[2026-03-28 22:37:25] [INFO   ]  Detected version: v1_16_R3, number: 16.3 
[2026-03-28 22:37:26] [INFO   ] [Structure Registry] Registered Large Structure: VillageHousePopulator 
[2026-03-28 22:37:26] [INFO   ] [Structure Registry] Registered Large Structure: VillagePopulator 
[2026-03-28 22:37:26] [INFO   ] [Structure Registry] Registered Large Structure: OutpostPopulator 
[2026-03-28 22:37:26] [INFO   ] [Structure Registry] Registered Large Structure: PyramidPopulator 
[2026-03-28 22:37:26] [INFO   ] [Structure Registry] Registered Large Structure: MonumentPopulator 
[2026-03-28 22:37:26] [INFO   ] [Structure Registry] Registered Large Structure: StrongholdPopulator 
[2026-03-28 22:37:26] [INFO   ] [Structure Registry] Registered Large Structure: MansionPopulator 
[2026-03-28 22:37:26] [INFO   ] [Structure Registry] Registered Large Structure: AncientCityPopulator 
[2026-03-28 22:37:26] [INFO   ] [Structure Registry] Registered Large Structure: LargeCavePopulator 
[2026-03-28 22:37:26] [INFO   ] [Structure Registry] Registered Large Structure: MineshaftPopulator 
[2026-03-28 22:37:26] [INFO   ] [Structure Registry] Registered Large Structure: CatacombsPopulator 
[2026-03-28 22:37:26] [INFO   ] [Structure Registry] Registered Large Structure: BadlandsMinePopulator 
[2026-03-28 22:37:26] [INFO   ] [Structure Registry] Registered Large Structure: WarmOceanRuinsPopulator 
[2026-03-28 22:37:26] [INFO   ] [Structure Registry] Registered Large Structure: TrailRuinsPopulator 
[2026-03-28 22:37:26] [INFO   ] [Structure Registry] Registered Small Structure: SmallDungeonPopulator 
[2026-03-28 22:37:26] [INFO   ] [Structure Registry] Registered Small Structure: ShipwreckPopulator 
[2026-03-28 22:37:26] [INFO   ] [Structure Registry] Registered Small Structure: BuriedTreasurePopulator 
[2026-03-28 22:37:26] [INFO   ] [Structure Registry] Registered Small Structure: RuinedPortalPopulator 
[2026-03-28 22:37:26] [INFO   ] [Structure Registry] Registered Small Structure: IglooPopulator 
[2026-03-28 22:37:26] [INFO   ] [Structure Registry] Registered Small Structure: DesertWellPopulator 
[2026-03-28 22:37:26] [INFO   ] [Structure Registry] Registered Small Structure: WitchHutPopulator 
[2026-03-28 22:37:48] [INFO   ]  world loaded. 
[2026-03-28 22:39:22] [INFO   ]  Custom Logger Initialized 
[2026-03-28 22:39:22] [INFO   ] [NOTICE] TerraformGenerator will suppress the server's watchdog while generating chunks to prevent unnecessary stacktrace warnings. Unless you specifically need thewatchdog now (to take aikar timings or debug lag), you don't need to take any action. 
[2026-03-28 22:39:22] [INFO   ] It is recommended to pregenerate to reduce lag problems. 
[2026-03-28 22:39:22] [INFO   ] Watchdog Thread hooked. 
[2026-03-28 22:39:23] [INFO   ]  bStats Metrics enabled. 
[2026-03-28 22:39:23] [INFO   ]  Detected version: v1_16_R3, number: 16.3 
[2026-03-28 22:39:23] [INFO   ] [Structure Registry] Registered Large Structure: VillageHousePopulator 
[2026-03-28 22:39:23] [INFO   ] [Structure Registry] Registered Large Structure: VillagePopulator 
[2026-03-28 22:39:23] [INFO   ] [Structure Registry] Registered Large Structure: OutpostPopulator 
[2026-03-28 22:39:24] [INFO   ] [Structure Registry] Registered Large Structure: PyramidPopulator 
[2026-03-28 22:39:24] [INFO   ] [Structure Registry] Registered Large Structure: MonumentPopulator 
[2026-03-28 22:39:24] [INFO   ] [Structure Registry] Registered Large Structure: StrongholdPopulator 
[2026-03-28 22:39:24] [INFO   ] [Structure Registry] Registered Large Structure: MansionPopulator 
[2026-03-28 22:39:24] [INFO   ] [Structure Registry] Registered Large Structure: AncientCityPopulator 
[2026-03-28 22:39:24] [INFO   ] [Structure Registry] Registered Large Structure: LargeCavePopulator 
[2026-03-28 22:39:24] [INFO   ] [Structure Registry] Registered Large Structure: MineshaftPopulator 
[2026-03-28 22:39:24] [INFO   ] [Structure Registry] Registered Large Structure: CatacombsPopulator 
[2026-03-28 22:39:24] [INFO   ] [Structure Registry] Registered Large Structure: BadlandsMinePopulator 
[2026-03-28 22:39:24] [INFO   ] [Structure Registry] Registered Large Structure: WarmOceanRuinsPopulator 
[2026-03-28 22:39:24] [INFO   ] [Structure Registry] Registered Large Structure: TrailRuinsPopulator 
[2026-03-28 22:39:24] [INFO   ] [Structure Registry] Registered Small Structure: SmallDungeonPopulator 
[2026-03-28 22:39:24] [INFO   ] [Structure Registry] Registered Small Structure: ShipwreckPopulator 
[2026-03-28 22:39:24] [INFO   ] [Structure Registry] Registered Small Structure: BuriedTreasurePopulator 
[2026-03-28 22:39:24] [INFO   ] [Structure Registry] Registered Small Structure: RuinedPortalPopulator 
[2026-03-28 22:39:24] [INFO   ] [Structure Registry] Registered Small Structure: IglooPopulator 
[2026-03-28 22:39:24] [INFO   ] [Structure Registry] Registered Small Structure: DesertWellPopulator 
[2026-03-28 22:39:24] [INFO   ] [Structure Registry] Registered Small Structure: WitchHutPopulator 
[2026-03-28 22:39:48] [INFO   ]  world loaded. 
[2026-03-28 22:49:32] [INFO   ]  Custom Logger Initialized 
[2026-03-28 22:49:32] [INFO   ] [NOTICE] TerraformGenerator will suppress the server's watchdog while generating chunks to prevent unnecessary stacktrace warnings. Unless you specifically need thewatchdog now (to take aikar timings or debug lag), you don't need to take any action. 
[2026-03-28 22:49:32] [INFO   ] It is recommended to pregenerate to reduce lag problems. 
[2026-03-28 22:49:32] [INFO   ] Watchdog Thread hooked. 
[2026-03-28 22:49:32] [INFO   ]  bStats Metrics enabled. 
[2026-03-28 22:49:32] [INFO   ]  Detected version: v1_16_R3, number: 16.3 
[2026-03-28 22:49:33] [INFO   ] [Structure Registry] Registered Large Structure: VillageHousePopulator 
[2026-03-28 22:49:33] [INFO   ] [Structure Registry] Registered Large Structure: VillagePopulator 
[2026-03-28 22:49:33] [INFO   ] [Structure Registry] Registered Large Structure: OutpostPopulator 
[2026-03-28 22:49:33] [INFO   ] [Structure Registry] Registered Large Structure: PyramidPopulator 
[2026-03-28 22:49:33] [INFO   ] [Structure Registry] Registered Large Structure: MonumentPopulator 
[2026-03-28 22:49:33] [INFO   ] [Structure Registry] Registered Large Structure: StrongholdPopulator 
[2026-03-28 22:49:33] [INFO   ] [Structure Registry] Registered Large Structure: MansionPopulator 
[2026-03-28 22:49:33] [INFO   ] [Structure Registry] Registered Large Structure: AncientCityPopulator 
[2026-03-28 22:49:33] [INFO   ] [Structure Registry] Registered Large Structure: LargeCavePopulator 
[2026-03-28 22:49:33] [INFO   ] [Structure Registry] Registered Large Structure: MineshaftPopulator 
[2026-03-28 22:49:33] [INFO   ] [Structure Registry] Registered Large Structure: CatacombsPopulator 
[2026-03-28 22:49:33] [INFO   ] [Structure Registry] Registered Large Structure: BadlandsMinePopulator 
[2026-03-28 22:49:33] [INFO   ] [Structure Registry] Registered Large Structure: WarmOceanRuinsPopulator 
[2026-03-28 22:49:33] [INFO   ] [Structure Registry] Registered Large Structure: TrailRuinsPopulator 
[2026-03-28 22:49:33] [INFO   ] [Structure Registry] Registered Small Structure: SmallDungeonPopulator 
[2026-03-28 22:49:33] [INFO   ] [Structure Registry] Registered Small Structure: ShipwreckPopulator 
[2026-03-28 22:49:33] [INFO   ] [Structure Registry] Registered Small Structure: BuriedTreasurePopulator 
[2026-03-28 22:49:33] [INFO   ] [Structure Registry] Registered Small Structure: RuinedPortalPopulator 
[2026-03-28 22:49:33] [INFO   ] [Structure Registry] Registered Small Structure: IglooPopulator 
[2026-03-28 22:49:33] [INFO   ] [Structure Registry] Registered Small Structure: DesertWellPopulator 
[2026-03-28 22:49:33] [INFO   ] [Structure Registry] Registered Small Structure: WitchHutPopulator 
[2026-03-28 22:49:57] [INFO   ]  world loaded. 
[2026-03-28 22:51:09] [INFO   ]  Custom Logger Initialized 
[2026-03-28 22:51:09] [INFO   ] [NOTICE] TerraformGenerator will suppress the server's watchdog while generating chunks to prevent unnecessary stacktrace warnings. Unless you specifically need thewatchdog now (to take aikar timings or debug lag), you don't need to take any action. 
[2026-03-28 22:51:09] [INFO   ] It is recommended to pregenerate to reduce lag problems. 
[2026-03-28 22:51:09] [INFO   ] Watchdog Thread hooked. 
[2026-03-28 22:51:09] [INFO   ]  bStats Metrics enabled. 
[2026-03-28 22:51:09] [INFO   ]  Detected version: v1_16_R3, number: 16.3 
[2026-03-28 22:51:09] [INFO   ] [Structure Registry] Registered Large Structure: VillageHousePopulator 
[2026-03-28 22:51:09] [INFO   ] [Structure Registry] Registered Large Structure: VillagePopulator 
[2026-03-28 22:51:09] [INFO   ] [Structure Registry] Registered Large Structure: OutpostPopulator 
[2026-03-28 22:51:09] [INFO   ] [Structure Registry] Registered Large Structure: PyramidPopulator 
[2026-03-28 22:51:10] [INFO   ] [Structure Registry] Registered Large Structure: MonumentPopulator 
[2026-03-28 22:51:10] [INFO   ] [Structure Registry] Registered Large Structure: StrongholdPopulator 
[2026-03-28 22:51:10] [INFO   ] [Structure Registry] Registered Large Structure: MansionPopulator 
[2026-03-28 22:51:10] [INFO   ] [Structure Registry] Registered Large Structure: AncientCityPopulator 
[2026-03-28 22:51:10] [INFO   ] [Structure Registry] Registered Large Structure: LargeCavePopulator 
[2026-03-28 22:51:10] [INFO   ] [Structure Registry] Registered Large Structure: MineshaftPopulator 
[2026-03-28 22:51:10] [INFO   ] [Structure Registry] Registered Large Structure: CatacombsPopulator 
[2026-03-28 22:51:10] [INFO   ] [Structure Registry] Registered Large Structure: BadlandsMinePopulator 
[2026-03-28 22:51:10] [INFO   ] [Structure Registry] Registered Large Structure: WarmOceanRuinsPopulator 
[2026-03-28 22:51:10] [INFO   ] [Structure Registry] Registered Large Structure: TrailRuinsPopulator 
[2026-03-28 22:51:10] [INFO   ] [Structure Registry] Registered Small Structure: SmallDungeonPopulator 
[2026-03-28 22:51:10] [INFO   ] [Structure Registry] Registered Small Structure: ShipwreckPopulator 
[2026-03-28 22:51:10] [INFO   ] [Structure Registry] Registered Small Structure: BuriedTreasurePopulator 
[2026-03-28 22:51:10] [INFO   ] [Structure Registry] Registered Small Structure: RuinedPortalPopulator 
[2026-03-28 22:51:10] [INFO   ] [Structure Registry] Registered Small Structure: IglooPopulator 
[2026-03-28 22:51:10] [INFO   ] [Structure Registry] Registered Small Structure: DesertWellPopulator 
[2026-03-28 22:51:10] [INFO   ] [Structure Registry] Registered Small Structure: WitchHutPopulator 
[2026-03-28 22:51:34] [INFO   ]  world loaded. 
[2026-03-28 23:18:38] [INFO   ]  Custom Logger Initialized 
[2026-03-28 23:18:38] [INFO   ] [NOTICE] TerraformGenerator will suppress the server's watchdog while generating chunks to prevent unnecessary stacktrace warnings. Unless you specifically need thewatchdog now (to take aikar timings or debug lag), you don't need to take any action. 
[2026-03-28 23:18:38] [INFO   ] It is recommended to pregenerate to reduce lag problems. 
[2026-03-28 23:18:38] [INFO   ] Watchdog Thread hooked. 
[2026-03-28 23:18:38] [INFO   ]  bStats Metrics enabled. 
[2026-03-28 23:18:38] [INFO   ]  Detected version: v1_16_R3, number: 16.3 
[2026-03-28 23:18:39] [INFO   ] [Structure Registry] Registered Large Structure: VillageHousePopulator 
[2026-03-28 23:18:39] [INFO   ] [Structure Registry] Registered Large Structure: VillagePopulator 
[2026-03-28 23:18:39] [INFO   ] [Structure Registry] Registered Large Structure: OutpostPopulator 
[2026-03-28 23:18:39] [INFO   ] [Structure Registry] Registered Large Structure: PyramidPopulator 
[2026-03-28 23:18:39] [INFO   ] [Structure Registry] Registered Large Structure: MonumentPopulator 
[2026-03-28 23:18:39] [INFO   ] [Structure Registry] Registered Large Structure: StrongholdPopulator 
[2026-03-28 23:18:39] [INFO   ] [Structure Registry] Registered Large Structure: MansionPopulator 
[2026-03-28 23:18:39] [INFO   ] [Structure Registry] Registered Large Structure: AncientCityPopulator 
[2026-03-28 23:18:39] [INFO   ] [Structure Registry] Registered Large Structure: LargeCavePopulator 
[2026-03-28 23:18:39] [INFO   ] [Structure Registry] Registered Large Structure: MineshaftPopulator 
[2026-03-28 23:18:39] [INFO   ] [Structure Registry] Registered Large Structure: CatacombsPopulator 
[2026-03-28 23:18:39] [INFO   ] [Structure Registry] Registered Large Structure: BadlandsMinePopulator 
[2026-03-28 23:18:40] [INFO   ] [Structure Registry] Registered Large Structure: WarmOceanRuinsPopulator 
[2026-03-28 23:18:40] [INFO   ] [Structure Registry] Registered Large Structure: TrailRuinsPopulator 
[2026-03-28 23:18:40] [INFO   ] [Structure Registry] Registered Small Structure: SmallDungeonPopulator 
[2026-03-28 23:18:40] [INFO   ] [Structure Registry] Registered Small Structure: ShipwreckPopulator 
[2026-03-28 23:18:40] [INFO   ] [Structure Registry] Registered Small Structure: BuriedTreasurePopulator 
[2026-03-28 23:18:40] [INFO   ] [Structure Registry] Registered Small Structure: RuinedPortalPopulator 
[2026-03-28 23:18:40] [INFO   ] [Structure Registry] Registered Small Structure: IglooPopulator 
[2026-03-28 23:18:40] [INFO   ] [Structure Registry] Registered Small Structure: DesertWellPopulator 
[2026-03-28 23:18:40] [INFO   ] [Structure Registry] Registered Small Structure: WitchHutPopulator 
[2026-03-28 23:19:04] [INFO   ]  world loaded. 
[2026-03-28 23:20:14] [INFO   ]  Custom Logger Initialized 
[2026-03-28 23:20:14] [INFO   ] [NOTICE] TerraformGenerator will suppress the server's watchdog while generating chunks to prevent unnecessary stacktrace warnings. Unless you specifically need thewatchdog now (to take aikar timings or debug lag), you don't need to take any action. 
[2026-03-28 23:20:14] [INFO   ] It is recommended to pregenerate to reduce lag problems. 
[2026-03-28 23:20:14] [INFO   ] Watchdog Thread hooked. 
[2026-03-28 23:20:14] [INFO   ]  bStats Metrics enabled. 
[2026-03-28 23:20:15] [INFO   ]  Detected version: v1_16_R3, number: 16.3 
[2026-03-28 23:20:15] [INFO   ] [Structure Registry] Registered Large Structure: VillageHousePopulator 
[2026-03-28 23:20:15] [INFO   ] [Structure Registry] Registered Large Structure: VillagePopulator 
[2026-03-28 23:20:15] [INFO   ] [Structure Registry] Registered Large Structure: OutpostPopulator 
[2026-03-28 23:20:15] [INFO   ] [Structure Registry] Registered Large Structure: PyramidPopulator 
[2026-03-28 23:20:16] [INFO   ] [Structure Registry] Registered Large Structure: MonumentPopulator 
[2026-03-28 23:20:16] [INFO   ] [Structure Registry] Registered Large Structure: StrongholdPopulator 
[2026-03-28 23:20:16] [INFO   ] [Structure Registry] Registered Large Structure: MansionPopulator 
[2026-03-28 23:20:16] [INFO   ] [Structure Registry] Registered Large Structure: AncientCityPopulator 
[2026-03-28 23:20:16] [INFO   ] [Structure Registry] Registered Large Structure: LargeCavePopulator 
[2026-03-28 23:20:16] [INFO   ] [Structure Registry] Registered Large Structure: MineshaftPopulator 
[2026-03-28 23:20:16] [INFO   ] [Structure Registry] Registered Large Structure: CatacombsPopulator 
[2026-03-28 23:20:16] [INFO   ] [Structure Registry] Registered Large Structure: BadlandsMinePopulator 
[2026-03-28 23:20:16] [INFO   ] [Structure Registry] Registered Large Structure: WarmOceanRuinsPopulator 
[2026-03-28 23:20:16] [INFO   ] [Structure Registry] Registered Large Structure: TrailRuinsPopulator 
[2026-03-28 23:20:16] [INFO   ] [Structure Registry] Registered Small Structure: SmallDungeonPopulator 
[2026-03-28 23:20:16] [INFO   ] [Structure Registry] Registered Small Structure: ShipwreckPopulator 
[2026-03-28 23:20:16] [INFO   ] [Structure Registry] Registered Small Structure: BuriedTreasurePopulator 
[2026-03-28 23:20:16] [INFO   ] [Structure Registry] Registered Small Structure: RuinedPortalPopulator 
[2026-03-28 23:20:16] [INFO   ] [Structure Registry] Registered Small Structure: IglooPopulator 
[2026-03-28 23:20:16] [INFO   ] [Structure Registry] Registered Small Structure: DesertWellPopulator 
[2026-03-28 23:20:16] [INFO   ] [Structure Registry] Registered Small Structure: WitchHutPopulator 
[2026-03-28 23:20:39] [INFO   ]  world loaded. 
[2026-03-28 23:22:35] [INFO   ]  Custom Logger Initialized 
[2026-03-28 23:22:35] [INFO   ] [NOTICE] TerraformGenerator will suppress the server's watchdog while generating chunks to prevent unnecessary stacktrace warnings. Unless you specifically need thewatchdog now (to take aikar timings or debug lag), you don't need to take any action. 
[2026-03-28 23:22:35] [INFO   ] It is recommended to pregenerate to reduce lag problems. 
[2026-03-28 23:22:35] [INFO   ] Watchdog Thread hooked. 
[2026-03-28 23:22:35] [INFO   ]  bStats Metrics enabled. 
[2026-03-28 23:22:35] [INFO   ]  Detected version: v1_16_R3, number: 16.3 
[2026-03-28 23:22:36] [INFO   ] [Structure Registry] Registered Large Structure: VillageHousePopulator 
[2026-03-28 23:22:36] [INFO   ] [Structure Registry] Registered Large Structure: VillagePopulator 
[2026-03-28 23:22:36] [INFO   ] [Structure Registry] Registered Large Structure: OutpostPopulator 
[2026-03-28 23:22:36] [INFO   ] [Structure Registry] Registered Large Structure: PyramidPopulator 
[2026-03-28 23:22:36] [INFO   ] [Structure Registry] Registered Large Structure: MonumentPopulator 
[2026-03-28 23:22:36] [INFO   ] [Structure Registry] Registered Large Structure: StrongholdPopulator 
[2026-03-28 23:22:36] [INFO   ] [Structure Registry] Registered Large Structure: MansionPopulator 
[2026-03-28 23:22:36] [INFO   ] [Structure Registry] Registered Large Structure: AncientCityPopulator 
[2026-03-28 23:22:36] [INFO   ] [Structure Registry] Registered Large Structure: LargeCavePopulator 
[2026-03-28 23:22:36] [INFO   ] [Structure Registry] Registered Large Structure: MineshaftPopulator 
[2026-03-28 23:22:37] [INFO   ] [Structure Registry] Registered Large Structure: CatacombsPopulator 
[2026-03-28 23:22:37] [INFO   ] [Structure Registry] Registered Large Structure: BadlandsMinePopulator 
[2026-03-28 23:22:37] [INFO   ] [Structure Registry] Registered Large Structure: WarmOceanRuinsPopulator 
[2026-03-28 23:22:37] [INFO   ] [Structure Registry] Registered Large Structure: TrailRuinsPopulator 
[2026-03-28 23:22:37] [INFO   ] [Structure Registry] Registered Small Structure: SmallDungeonPopulator 
[2026-03-28 23:22:37] [INFO   ] [Structure Registry] Registered Small Structure: ShipwreckPopulator 
[2026-03-28 23:22:37] [INFO   ] [Structure Registry] Registered Small Structure: BuriedTreasurePopulator 
[2026-03-28 23:22:37] [INFO   ] [Structure Registry] Registered Small Structure: RuinedPortalPopulator 
[2026-03-28 23:22:37] [INFO   ] [Structure Registry] Registered Small Structure: IglooPopulator 
[2026-03-28 23:22:37] [INFO   ] [Structure Registry] Registered Small Structure: DesertWellPopulator 
[2026-03-28 23:22:37] [INFO   ] [Structure Registry] Registered Small Structure: WitchHutPopulator 
[2026-03-28 23:23:01] [INFO   ]  world loaded. 
[2026-03-28 23:37:17] [INFO   ]  Custom Logger Initialized 
[2026-03-28 23:37:17] [INFO   ] [NOTICE] TerraformGenerator will suppress the server's watchdog while generating chunks to prevent unnecessary stacktrace warnings. Unless you specifically need thewatchdog now (to take aikar timings or debug lag), you don't need to take any action. 
[2026-03-28 23:37:17] [INFO   ] It is recommended to pregenerate to reduce lag problems. 
[2026-03-28 23:37:17] [INFO   ] Watchdog Thread hooked. 
[2026-03-28 23:37:17] [INFO   ]  bStats Metrics enabled. 
[2026-03-28 23:37:17] [INFO   ]  Detected version: v1_16_R3, number: 16.3 
[2026-03-28 23:37:17] [INFO   ] [Structure Registry] Registered Large Structure: VillageHousePopulator 
[2026-03-28 23:37:17] [INFO   ] [Structure Registry] Registered Large Structure: VillagePopulator 
[2026-03-28 23:37:17] [INFO   ] [Structure Registry] Registered Large Structure: OutpostPopulator 
[2026-03-28 23:37:18] [INFO   ] [Structure Registry] Registered Large Structure: PyramidPopulator 
[2026-03-28 23:37:18] [INFO   ] [Structure Registry] Registered Large Structure: MonumentPopulator 
[2026-03-28 23:37:18] [INFO   ] [Structure Registry] Registered Large Structure: StrongholdPopulator 
[2026-03-28 23:37:18] [INFO   ] [Structure Registry] Registered Large Structure: MansionPopulator 
[2026-03-28 23:37:18] [INFO   ] [Structure Registry] Registered Large Structure: AncientCityPopulator 
[2026-03-28 23:37:18] [INFO   ] [Structure Registry] Registered Large Structure: LargeCavePopulator 
[2026-03-28 23:37:18] [INFO   ] [Structure Registry] Registered Large Structure: MineshaftPopulator 
[2026-03-28 23:37:18] [INFO   ] [Structure Registry] Registered Large Structure: CatacombsPopulator 
[2026-03-28 23:37:18] [INFO   ] [Structure Registry] Registered Large Structure: BadlandsMinePopulator 
[2026-03-28 23:37:18] [INFO   ] [Structure Registry] Registered Large Structure: WarmOceanRuinsPopulator 
[2026-03-28 23:37:18] [INFO   ] [Structure Registry] Registered Large Structure: TrailRuinsPopulator 
[2026-03-28 23:37:18] [INFO   ] [Structure Registry] Registered Small Structure: SmallDungeonPopulator 
[2026-03-28 23:37:18] [INFO   ] [Structure Registry] Registered Small Structure: ShipwreckPopulator 
[2026-03-28 23:37:18] [INFO   ] [Structure Registry] Registered Small Structure: BuriedTreasurePopulator 
[2026-03-28 23:37:18] [INFO   ] [Structure Registry] Registered Small Structure: RuinedPortalPopulator 
[2026-03-28 23:37:18] [INFO   ] [Structure Registry] Registered Small Structure: IglooPopulator 
[2026-03-28 23:37:18] [INFO   ] [Structure Registry] Registered Small Structure: DesertWellPopulator 
[2026-03-28 23:37:18] [INFO   ] [Structure Registry] Registered Small Structure: WitchHutPopulator 
[2026-03-28 23:37:42] [INFO   ]  world loaded. 
[2026-03-28 23:38:58] [INFO   ]  Custom Logger Initialized 
[2026-03-28 23:38:58] [INFO   ] [NOTICE] TerraformGenerator will suppress the server's watchdog while generating chunks to prevent unnecessary stacktrace warnings. Unless you specifically need thewatchdog now (to take aikar timings or debug lag), you don't need to take any action. 
[2026-03-28 23:38:58] [INFO   ] It is recommended to pregenerate to reduce lag problems. 
[2026-03-28 23:38:58] [INFO   ] Watchdog Thread hooked. 
[2026-03-28 23:38:58] [INFO   ]  bStats Metrics enabled. 
[2026-03-28 23:38:59] [INFO   ]  Detected version: v1_16_R3, number: 16.3 
[2026-03-28 23:38:59] [INFO   ] [Structure Registry] Registered Large Structure: VillageHousePopulator 
[2026-03-28 23:38:59] [INFO   ] [Structure Registry] Registered Large Structure: VillagePopulator 
[2026-03-28 23:38:59] [INFO   ] [Structure Registry] Registered Large Structure: OutpostPopulator 
[2026-03-28 23:38:59] [INFO   ] [Structure Registry] Registered Large Structure: PyramidPopulator 
[2026-03-28 23:38:59] [INFO   ] [Structure Registry] Registered Large Structure: MonumentPopulator 
[2026-03-28 23:38:59] [INFO   ] [Structure Registry] Registered Large Structure: StrongholdPopulator 
[2026-03-28 23:38:59] [INFO   ] [Structure Registry] Registered Large Structure: MansionPopulator 
[2026-03-28 23:38:59] [INFO   ] [Structure Registry] Registered Large Structure: AncientCityPopulator 
[2026-03-28 23:38:59] [INFO   ] [Structure Registry] Registered Large Structure: LargeCavePopulator 
[2026-03-28 23:38:59] [INFO   ] [Structure Registry] Registered Large Structure: MineshaftPopulator 
[2026-03-28 23:39:00] [INFO   ] [Structure Registry] Registered Large Structure: CatacombsPopulator 
[2026-03-28 23:39:00] [INFO   ] [Structure Registry] Registered Large Structure: BadlandsMinePopulator 
[2026-03-28 23:39:00] [INFO   ] [Structure Registry] Registered Large Structure: WarmOceanRuinsPopulator 
[2026-03-28 23:39:00] [INFO   ] [Structure Registry] Registered Large Structure: TrailRuinsPopulator 
[2026-03-28 23:39:00] [INFO   ] [Structure Registry] Registered Small Structure: SmallDungeonPopulator 
[2026-03-28 23:39:00] [INFO   ] [Structure Registry] Registered Small Structure: ShipwreckPopulator 
[2026-03-28 23:39:00] [INFO   ] [Structure Registry] Registered Small Structure: BuriedTreasurePopulator 
[2026-03-28 23:39:00] [INFO   ] [Structure Registry] Registered Small Structure: RuinedPortalPopulator 
[2026-03-28 23:39:00] [INFO   ] [Structure Registry] Registered Small Structure: IglooPopulator 
[2026-03-28 23:39:00] [INFO   ] [Structure Registry] Registered Small Structure: DesertWellPopulator 
[2026-03-28 23:39:00] [INFO   ] [Structure Registry] Registered Small Structure: WitchHutPopulator 
[2026-03-28 23:39:24] [INFO   ]  world loaded. 
[2026-03-28 23:42:29] [INFO   ]  Custom Logger Initialized 
[2026-03-28 23:42:29] [INFO   ] [NOTICE] TerraformGenerator will suppress the server's watchdog while generating chunks to prevent unnecessary stacktrace warnings. Unless you specifically need thewatchdog now (to take aikar timings or debug lag), you don't need to take any action. 
[2026-03-28 23:42:29] [INFO   ] It is recommended to pregenerate to reduce lag problems. 
[2026-03-28 23:42:29] [INFO   ] Watchdog Thread hooked. 
[2026-03-28 23:42:29] [INFO   ]  bStats Metrics enabled. 
[2026-03-28 23:42:30] [INFO   ]  Detected version: v1_16_R3, number: 16.3 
[2026-03-28 23:42:30] [INFO   ] [Structure Registry] Registered Large Structure: VillageHousePopulator 
[2026-03-28 23:42:30] [INFO   ] [Structure Registry] Registered Large Structure: VillagePopulator 
[2026-03-28 23:42:30] [INFO   ] [Structure Registry] Registered Large Structure: OutpostPopulator 
[2026-03-28 23:42:30] [INFO   ] [Structure Registry] Registered Large Structure: PyramidPopulator 
[2026-03-28 23:42:30] [INFO   ] [Structure Registry] Registered Large Structure: MonumentPopulator 
[2026-03-28 23:42:30] [INFO   ] [Structure Registry] Registered Large Structure: StrongholdPopulator 
[2026-03-28 23:42:30] [INFO   ] [Structure Registry] Registered Large Structure: MansionPopulator 
[2026-03-28 23:42:30] [INFO   ] [Structure Registry] Registered Large Structure: AncientCityPopulator 
[2026-03-28 23:42:30] [INFO   ] [Structure Registry] Registered Large Structure: LargeCavePopulator 
[2026-03-28 23:42:30] [INFO   ] [Structure Registry] Registered Large Structure: MineshaftPopulator 
[2026-03-28 23:42:30] [INFO   ] [Structure Registry] Registered Large Structure: CatacombsPopulator 
[2026-03-28 23:42:30] [INFO   ] [Structure Registry] Registered Large Structure: BadlandsMinePopulator 
[2026-03-28 23:42:30] [INFO   ] [Structure Registry] Registered Large Structure: WarmOceanRuinsPopulator 
[2026-03-28 23:42:30] [INFO   ] [Structure Registry] Registered Large Structure: TrailRuinsPopulator 
[2026-03-28 23:42:30] [INFO   ] [Structure Registry] Registered Small Structure: SmallDungeonPopulator 
[2026-03-28 23:42:30] [INFO   ] [Structure Registry] Registered Small Structure: ShipwreckPopulator 
[2026-03-28 23:42:30] [INFO   ] [Structure Registry] Registered Small Structure: BuriedTreasurePopulator 
[2026-03-28 23:42:31] [INFO   ] [Structure Registry] Registered Small Structure: RuinedPortalPopulator 
[2026-03-28 23:42:31] [INFO   ] [Structure Registry] Registered Small Structure: IglooPopulator 
[2026-03-28 23:42:31] [INFO   ] [Structure Registry] Registered Small Structure: DesertWellPopulator 
[2026-03-28 23:42:31] [INFO   ] [Structure Registry] Registered Small Structure: WitchHutPopulator 
[2026-03-28 23:42:51] [INFO   ]  world loaded. 
